2020-12-15 11:11:36.582 DEBUG [           main] [c.youo.homework.HomeworkApplicationTests] [logStarting,56] : Running with Spring Boot v2.3.4.RELEASE, Spring v5.2.9.RELEASE
2020-12-15 11:11:41.640 DEBUG [           main] [                     c.y.h.H.testLogback] [testLogback,46] : test debug
2020-12-15 11:25:27.375 DEBUG [http-nio-8081-exec-1] [ c.y.h.library.controller.BookController] [getBookList,50] : 获取图书列表，从缓存读取...
2020-12-15 11:25:49.195 DEBUG [http-nio-8081-exec-2] [ c.y.h.library.controller.BookController] [getBookList,50] : 获取图书列表，从缓存读取...
2020-12-15 11:25:50.816 DEBUG [http-nio-8081-exec-3] [ c.y.h.library.controller.BookController] [getBookList,50] : 获取图书列表，从缓存读取...
2020-12-15 11:25:52.206 DEBUG [http-nio-8081-exec-4] [ c.y.h.library.controller.BookController] [getBookList,50] : 获取图书列表，从缓存读取...
2020-12-15 11:25:53.061 DEBUG [http-nio-8081-exec-5] [ c.y.h.library.controller.BookController] [getBookList,50] : 获取图书列表，从缓存读取...
2020-12-15 11:25:54.132 DEBUG [http-nio-8081-exec-6] [ c.y.h.library.controller.BookController] [getBookList,50] : 获取图书列表，从缓存读取...
2020-12-15 11:26:05.167 DEBUG [http-nio-8081-exec-7] [ c.y.h.library.controller.BookController] [getBookList,50] : 获取图书列表，从缓存读取...
2020-12-15 11:26:05.574 DEBUG [http-nio-8081-exec-8] [ c.y.h.library.controller.BookController] [getBookList,50] : 获取图书列表，从缓存读取...
2020-12-15 11:26:07.068 DEBUG [http-nio-8081-exec-9] [    c.y.h.l.mapper.BookMapper.selectPage] [     debug,137] : ==>  Preparing: SELECT COUNT(1) FROM book
2020-12-15 11:26:07.088 DEBUG [http-nio-8081-exec-9] [    c.y.h.l.mapper.BookMapper.selectPage] [     debug,137] : ==> Parameters: 
2020-12-15 11:26:07.115 DEBUG [http-nio-8081-exec-9] [    c.y.h.l.mapper.BookMapper.selectPage] [     debug,137] : ==>  Preparing: SELECT pk_book_id,pk_book_name,author,amount FROM book LIMIT ?,?
2020-12-15 11:26:07.116 DEBUG [http-nio-8081-exec-9] [    c.y.h.l.mapper.BookMapper.selectPage] [     debug,137] : ==> Parameters: 90(Long), 10(Long)
2020-12-15 11:26:07.122 DEBUG [http-nio-8081-exec-9] [    c.y.h.l.mapper.BookMapper.selectPage] [     debug,137] : <==      Total: 10
2020-12-15 11:26:07.127 DEBUG [http-nio-8081-exec-9] [ c.y.h.library.controller.BookController] [getBookList,56] : 获取图书列表，写入缓存...
2020-12-15 11:26:10.297 DEBUG [http-nio-8081-exec-10] [    c.y.h.l.mapper.BookMapper.selectPage] [     debug,137] : ==>  Preparing: SELECT COUNT(1) FROM book
2020-12-15 11:26:10.298 DEBUG [http-nio-8081-exec-10] [    c.y.h.l.mapper.BookMapper.selectPage] [     debug,137] : ==> Parameters: 
2020-12-15 11:26:10.299 DEBUG [http-nio-8081-exec-10] [    c.y.h.l.mapper.BookMapper.selectPage] [     debug,137] : ==>  Preparing: SELECT pk_book_id,pk_book_name,author,amount FROM book LIMIT ?,?
2020-12-15 11:26:10.300 DEBUG [http-nio-8081-exec-10] [    c.y.h.l.mapper.BookMapper.selectPage] [     debug,137] : ==> Parameters: 110(Long), 10(Long)
2020-12-15 11:26:10.304 DEBUG [http-nio-8081-exec-10] [    c.y.h.l.mapper.BookMapper.selectPage] [     debug,137] : <==      Total: 10
2020-12-15 11:26:10.305 DEBUG [http-nio-8081-exec-10] [ c.y.h.library.controller.BookController] [getBookList,56] : 获取图书列表，写入缓存...
2020-12-15 11:27:17.533 DEBUG [http-nio-8081-exec-2] [ c.y.h.library.controller.BookController] [getBookList,50] : 获取图书列表，从缓存读取...
2020-12-15 11:27:18.752 DEBUG [http-nio-8081-exec-3] [ c.y.h.library.controller.BookController] [getBookList,50] : 获取图书列表，从缓存读取...
2020-12-15 11:27:19.532 DEBUG [http-nio-8081-exec-4] [ c.y.h.library.controller.BookController] [getBookList,50] : 获取图书列表，从缓存读取...
2020-12-15 11:27:19.955 DEBUG [http-nio-8081-exec-5] [ c.y.h.library.controller.BookController] [getBookList,50] : 获取图书列表，从缓存读取...
2020-12-15 11:27:20.484 DEBUG [http-nio-8081-exec-6] [ c.y.h.library.controller.BookController] [getBookList,50] : 获取图书列表，从缓存读取...
2020-12-15 11:32:42.123 DEBUG [http-nio-8081-exec-9] [     c.y.h.l.mapper.UserMapper.selectOne] [     debug,137] : ==>  Preparing: SELECT pk_id, pk_name, password, user_level FROM user WHERE (pk_name = ?)
2020-12-15 11:32:42.123 DEBUG [http-nio-8081-exec-9] [     c.y.h.l.mapper.UserMapper.selectOne] [     debug,137] : ==> Parameters: sys(String)
2020-12-15 11:32:42.264 DEBUG [http-nio-8081-exec-9] [     c.y.h.l.mapper.UserMapper.selectOne] [     debug,137] : <==      Total: 1
2020-12-15 11:32:43.415 DEBUG [http-nio-8081-exec-10] [ c.y.h.library.controller.BookController] [getBookList,50] : 获取图书列表，从缓存读取...
2020-12-15 11:32:45.060 DEBUG [http-nio-8081-exec-1] [    c.y.h.l.mapper.UserMapper.selectPage] [     debug,137] : ==>  Preparing: SELECT COUNT(1) FROM user WHERE (user_level = ?)
2020-12-15 11:32:45.061 DEBUG [http-nio-8081-exec-1] [    c.y.h.l.mapper.UserMapper.selectPage] [     debug,137] : ==> Parameters: 1(Integer)
2020-12-15 11:32:45.063 DEBUG [http-nio-8081-exec-1] [    c.y.h.l.mapper.UserMapper.selectPage] [     debug,137] : ==>  Preparing: SELECT pk_id,pk_name,password,user_level FROM user WHERE (user_level = ?) LIMIT ?
2020-12-15 11:32:45.063 DEBUG [http-nio-8081-exec-1] [    c.y.h.l.mapper.UserMapper.selectPage] [     debug,137] : ==> Parameters: 1(Integer), 10(Long)
2020-12-15 11:32:45.065 DEBUG [http-nio-8081-exec-1] [    c.y.h.l.mapper.UserMapper.selectPage] [     debug,137] : <==      Total: 10
2020-12-15 11:32:46.203 DEBUG [http-nio-8081-exec-2] [ c.y.h.library.controller.BookController] [getBookList,50] : 获取图书列表，从缓存读取...
2020-12-15 11:32:48.045 DEBUG [http-nio-8081-exec-3] [ c.y.h.library.controller.BookController] [getBookList,50] : 获取图书列表，从缓存读取...
2020-12-15 11:32:48.780 DEBUG [http-nio-8081-exec-4] [ c.y.h.library.controller.BookController] [getBookList,50] : 获取图书列表，从缓存读取...
2020-12-15 11:32:59.006 DEBUG [http-nio-8081-exec-6] [     c.y.h.l.mapper.BookMapper.selectOne] [     debug,137] : ==>  Preparing: SELECT pk_book_id, pk_book_name, author, amount FROM book WHERE (pk_book_name = ?)
2020-12-15 11:32:59.007 DEBUG [http-nio-8081-exec-6] [     c.y.h.l.mapper.BookMapper.selectOne] [     debug,137] : ==> Parameters: 活着(String)
2020-12-15 11:32:59.008 DEBUG [http-nio-8081-exec-6] [     c.y.h.l.mapper.BookMapper.selectOne] [     debug,137] : <==      Total: 1
2020-12-15 11:32:59.010 DEBUG [http-nio-8081-exec-6] [    c.y.h.l.mapper.BookMapper.updateById] [     debug,137] : ==>  Preparing: UPDATE book SET pk_book_name=?, author=?, amount=? WHERE pk_book_id=?
2020-12-15 11:32:59.011 DEBUG [http-nio-8081-exec-6] [    c.y.h.l.mapper.BookMapper.updateById] [     debug,137] : ==> Parameters: 活着(String), 余华 (String), 29(Integer), 3(Integer)
2020-12-15 11:32:59.045 DEBUG [http-nio-8081-exec-6] [    c.y.h.l.mapper.BookMapper.updateById] [     debug,137] : <==    Updates: 1
2020-12-15 11:32:59.889 DEBUG [http-nio-8081-exec-7] [ c.y.h.library.controller.BookController] [getBookList,50] : 获取图书列表，从缓存读取...
2020-12-15 11:33:32.504 DEBUG [http-nio-8081-exec-8] [     c.y.h.l.mapper.BookMapper.selectOne] [     debug,137] : ==>  Preparing: SELECT pk_book_id, pk_book_name, author, amount FROM book WHERE (pk_book_name = ?)
2020-12-15 11:33:32.505 DEBUG [http-nio-8081-exec-8] [     c.y.h.l.mapper.BookMapper.selectOne] [     debug,137] : ==> Parameters: 活着(String)
2020-12-15 11:33:32.507 DEBUG [http-nio-8081-exec-8] [     c.y.h.l.mapper.BookMapper.selectOne] [     debug,137] : <==      Total: 1
2020-12-15 11:33:32.510 DEBUG [http-nio-8081-exec-8] [    c.y.h.l.mapper.BookMapper.updateById] [     debug,137] : ==>  Preparing: UPDATE book SET pk_book_name=?, author=?, amount=? WHERE pk_book_id=?
2020-12-15 11:33:32.510 DEBUG [http-nio-8081-exec-8] [    c.y.h.l.mapper.BookMapper.updateById] [     debug,137] : ==> Parameters: 活着(String), 余华 (String), 29(Integer), 3(Integer)
2020-12-15 11:33:32.512 DEBUG [http-nio-8081-exec-8] [    c.y.h.l.mapper.BookMapper.updateById] [     debug,137] : <==    Updates: 1
2020-12-15 11:33:33.279 DEBUG [http-nio-8081-exec-9] [ c.y.h.library.controller.BookController] [getBookList,50] : 获取图书列表，从缓存读取...
2020-12-15 11:34:38.360 DEBUG [http-nio-8081-exec-1] [     c.y.h.l.mapper.BookMapper.selectOne] [     debug,137] : ==>  Preparing: SELECT pk_book_id, pk_book_name, author, amount FROM book WHERE (pk_book_name = ?)
2020-12-15 11:34:38.377 DEBUG [http-nio-8081-exec-1] [     c.y.h.l.mapper.BookMapper.selectOne] [     debug,137] : ==> Parameters: 活着(String)
2020-12-15 11:34:38.394 DEBUG [http-nio-8081-exec-1] [     c.y.h.l.mapper.BookMapper.selectOne] [     debug,137] : <==      Total: 1
2020-12-15 11:34:38.401 DEBUG [http-nio-8081-exec-1] [    c.y.h.l.mapper.BookMapper.updateById] [     debug,137] : ==>  Preparing: UPDATE book SET pk_book_name=?, author=?, amount=? WHERE pk_book_id=?
2020-12-15 11:34:38.401 DEBUG [http-nio-8081-exec-1] [    c.y.h.l.mapper.BookMapper.updateById] [     debug,137] : ==> Parameters: 活着(String), 余华 (String), 29(Integer), 3(Integer)
2020-12-15 11:34:38.402 DEBUG [http-nio-8081-exec-1] [    c.y.h.l.mapper.BookMapper.updateById] [     debug,137] : <==    Updates: 1
2020-12-15 11:34:40.114 DEBUG [http-nio-8081-exec-2] [    c.y.h.l.mapper.BookMapper.selectPage] [     debug,137] : ==>  Preparing: SELECT COUNT(1) FROM book
2020-12-15 11:34:40.114 DEBUG [http-nio-8081-exec-2] [    c.y.h.l.mapper.BookMapper.selectPage] [     debug,137] : ==> Parameters: 
2020-12-15 11:34:40.126 DEBUG [http-nio-8081-exec-2] [    c.y.h.l.mapper.BookMapper.selectPage] [     debug,137] : ==>  Preparing: SELECT pk_book_id,pk_book_name,author,amount FROM book LIMIT ?
2020-12-15 11:34:40.126 DEBUG [http-nio-8081-exec-2] [    c.y.h.l.mapper.BookMapper.selectPage] [     debug,137] : ==> Parameters: 10(Long)
2020-12-15 11:34:40.129 DEBUG [http-nio-8081-exec-2] [    c.y.h.l.mapper.BookMapper.selectPage] [     debug,137] : <==      Total: 10
2020-12-15 11:34:40.139 DEBUG [http-nio-8081-exec-2] [ c.y.h.library.controller.BookController] [getBookList,56] : 获取图书列表，写入缓存...
2020-12-15 11:35:56.605 DEBUG [http-nio-8081-exec-4] [ c.y.h.library.controller.BookController] [getBookList,50] : 获取图书列表，从缓存读取...
2020-12-15 11:35:59.404 DEBUG [http-nio-8081-exec-5] [ c.y.h.library.controller.BookController] [getBookList,50] : 获取图书列表，从缓存读取...
2020-12-15 11:37:04.547 DEBUG [http-nio-8081-exec-7] [     c.y.h.l.mapper.UserMapper.selectOne] [     debug,137] : ==>  Preparing: SELECT pk_id, pk_name, password, user_level FROM user WHERE (pk_name = ?)
2020-12-15 11:37:04.548 DEBUG [http-nio-8081-exec-7] [     c.y.h.l.mapper.UserMapper.selectOne] [     debug,137] : ==> Parameters: sys(String)
2020-12-15 11:37:04.550 DEBUG [http-nio-8081-exec-7] [     c.y.h.l.mapper.UserMapper.selectOne] [     debug,137] : <==      Total: 1
2020-12-15 11:37:05.697 DEBUG [http-nio-8081-exec-8] [ c.y.h.library.controller.BookController] [getBookList,50] : 获取图书列表，从缓存读取...
2020-12-15 11:39:14.753 DEBUG [http-nio-8081-exec-10] [ c.y.h.library.controller.BookController] [getBookList,50] : 获取图书列表，从缓存读取...
2020-12-15 11:42:07.637 DEBUG [http-nio-8081-exec-2] [ c.y.h.library.controller.BookController] [getBookList,50] : 获取图书列表，从缓存读取...
2020-12-15 11:43:47.444 DEBUG [http-nio-8081-exec-4] [ c.y.h.library.controller.BookController] [getBookList,50] : 获取图书列表，从缓存读取...
2020-12-15 11:46:53.356 DEBUG [http-nio-8081-exec-6] [  c.y.h.l.mapper.RecordMapper.selectPage] [     debug,137] : ==>  Preparing: SELECT COUNT(1) FROM record WHERE (pk_user_name = ? AND borrow_state BETWEEN ? AND ?)
2020-12-15 11:46:53.356 DEBUG [http-nio-8081-exec-6] [  c.y.h.l.mapper.RecordMapper.selectPage] [     debug,137] : ==> Parameters: sys(String), -1(Integer), 1(Integer)
2020-12-15 11:46:53.369 DEBUG [http-nio-8081-exec-6] [  c.y.h.l.mapper.RecordMapper.selectPage] [     debug,137] : ==>  Preparing: SELECT pk_book_id, pk_user_name, pk_book_name, author, borrow_time, return_time, borrow_state FROM record WHERE (pk_user_name = ? AND borrow_state BETWEEN ? AND ?) ORDER BY borrow_time DESC LIMIT ?
2020-12-15 11:46:53.370 DEBUG [http-nio-8081-exec-6] [  c.y.h.l.mapper.RecordMapper.selectPage] [     debug,137] : ==> Parameters: sys(String), -1(Integer), 1(Integer), 10(Long)
2020-12-15 11:46:53.383 DEBUG [http-nio-8081-exec-6] [  c.y.h.l.mapper.RecordMapper.selectPage] [     debug,137] : <==      Total: 5
2020-12-15 11:46:54.264 DEBUG [http-nio-8081-exec-7] [ c.y.h.library.controller.BookController] [getBookList,50] : 获取图书列表，从缓存读取...
2020-12-15 11:48:30.486 DEBUG [http-nio-8081-exec-9] [    c.y.h.l.mapper.BookMapper.selectPage] [     debug,137] : ==>  Preparing: SELECT COUNT(1) FROM book
2020-12-15 11:48:30.487 DEBUG [http-nio-8081-exec-9] [    c.y.h.l.mapper.BookMapper.selectPage] [     debug,137] : ==> Parameters: 
2020-12-15 11:48:30.492 DEBUG [http-nio-8081-exec-9] [    c.y.h.l.mapper.BookMapper.selectPage] [     debug,137] : ==>  Preparing: SELECT pk_book_id,pk_book_name,author,amount FROM book LIMIT ?,?
2020-12-15 11:48:30.492 DEBUG [http-nio-8081-exec-9] [    c.y.h.l.mapper.BookMapper.selectPage] [     debug,137] : ==> Parameters: 10(Long), 10(Long)
2020-12-15 11:48:30.496 DEBUG [http-nio-8081-exec-9] [    c.y.h.l.mapper.BookMapper.selectPage] [     debug,137] : <==      Total: 10
2020-12-15 11:48:30.498 DEBUG [http-nio-8081-exec-9] [ c.y.h.library.controller.BookController] [getBookList,56] : 获取图书列表，写入缓存...
2020-12-15 11:48:31.716 DEBUG [http-nio-8081-exec-10] [    c.y.h.l.mapper.BookMapper.selectPage] [     debug,137] : ==>  Preparing: SELECT COUNT(1) FROM book
2020-12-15 11:48:31.717 DEBUG [http-nio-8081-exec-10] [    c.y.h.l.mapper.BookMapper.selectPage] [     debug,137] : ==> Parameters: 
2020-12-15 11:48:31.719 DEBUG [http-nio-8081-exec-10] [    c.y.h.l.mapper.BookMapper.selectPage] [     debug,137] : ==>  Preparing: SELECT pk_book_id,pk_book_name,author,amount FROM book LIMIT ?,?
2020-12-15 11:48:31.719 DEBUG [http-nio-8081-exec-10] [    c.y.h.l.mapper.BookMapper.selectPage] [     debug,137] : ==> Parameters: 20(Long), 10(Long)
2020-12-15 11:48:31.721 DEBUG [http-nio-8081-exec-10] [    c.y.h.l.mapper.BookMapper.selectPage] [     debug,137] : <==      Total: 10
2020-12-15 11:48:31.722 DEBUG [http-nio-8081-exec-10] [ c.y.h.library.controller.BookController] [getBookList,56] : 获取图书列表，写入缓存...
2020-12-15 11:48:32.948 DEBUG [http-nio-8081-exec-1] [    c.y.h.l.mapper.BookMapper.selectPage] [     debug,137] : ==>  Preparing: SELECT COUNT(1) FROM book
2020-12-15 11:48:32.948 DEBUG [http-nio-8081-exec-1] [    c.y.h.l.mapper.BookMapper.selectPage] [     debug,137] : ==> Parameters: 
2020-12-15 11:48:32.950 DEBUG [http-nio-8081-exec-1] [    c.y.h.l.mapper.BookMapper.selectPage] [     debug,137] : ==>  Preparing: SELECT pk_book_id,pk_book_name,author,amount FROM book LIMIT ?,?
2020-12-15 11:48:32.951 DEBUG [http-nio-8081-exec-1] [    c.y.h.l.mapper.BookMapper.selectPage] [     debug,137] : ==> Parameters: 30(Long), 10(Long)
2020-12-15 11:48:32.952 DEBUG [http-nio-8081-exec-1] [    c.y.h.l.mapper.BookMapper.selectPage] [     debug,137] : <==      Total: 10
2020-12-15 11:48:32.954 DEBUG [http-nio-8081-exec-1] [ c.y.h.library.controller.BookController] [getBookList,56] : 获取图书列表，写入缓存...
2020-12-15 11:48:33.471 DEBUG [http-nio-8081-exec-2] [    c.y.h.l.mapper.BookMapper.selectPage] [     debug,137] : ==>  Preparing: SELECT COUNT(1) FROM book
2020-12-15 11:48:33.471 DEBUG [http-nio-8081-exec-2] [    c.y.h.l.mapper.BookMapper.selectPage] [     debug,137] : ==> Parameters: 
2020-12-15 11:48:33.473 DEBUG [http-nio-8081-exec-2] [    c.y.h.l.mapper.BookMapper.selectPage] [     debug,137] : ==>  Preparing: SELECT pk_book_id,pk_book_name,author,amount FROM book LIMIT ?,?
2020-12-15 11:48:33.474 DEBUG [http-nio-8081-exec-2] [    c.y.h.l.mapper.BookMapper.selectPage] [     debug,137] : ==> Parameters: 40(Long), 10(Long)
2020-12-15 11:48:33.474 DEBUG [http-nio-8081-exec-2] [    c.y.h.l.mapper.BookMapper.selectPage] [     debug,137] : <==      Total: 10
2020-12-15 11:48:33.476 DEBUG [http-nio-8081-exec-2] [ c.y.h.library.controller.BookController] [getBookList,56] : 获取图书列表，写入缓存...
2020-12-15 11:48:33.836 DEBUG [http-nio-8081-exec-3] [    c.y.h.l.mapper.BookMapper.selectPage] [     debug,137] : ==>  Preparing: SELECT COUNT(1) FROM book
2020-12-15 11:48:33.837 DEBUG [http-nio-8081-exec-3] [    c.y.h.l.mapper.BookMapper.selectPage] [     debug,137] : ==> Parameters: 
2020-12-15 11:48:33.839 DEBUG [http-nio-8081-exec-3] [    c.y.h.l.mapper.BookMapper.selectPage] [     debug,137] : ==>  Preparing: SELECT pk_book_id,pk_book_name,author,amount FROM book LIMIT ?,?
2020-12-15 11:48:33.840 DEBUG [http-nio-8081-exec-3] [    c.y.h.l.mapper.BookMapper.selectPage] [     debug,137] : ==> Parameters: 60(Long), 10(Long)
2020-12-15 11:48:33.841 DEBUG [http-nio-8081-exec-3] [    c.y.h.l.mapper.BookMapper.selectPage] [     debug,137] : <==      Total: 10
2020-12-15 11:48:33.843 DEBUG [http-nio-8081-exec-3] [ c.y.h.library.controller.BookController] [getBookList,56] : 获取图书列表，写入缓存...
2020-12-15 11:48:34.628 DEBUG [http-nio-8081-exec-4] [ c.y.h.library.controller.BookController] [getBookList,50] : 获取图书列表，从缓存读取...
2020-12-15 13:17:25.729 DEBUG [http-nio-8081-exec-6] [ c.y.h.library.controller.BookController] [getBookList,50] : 获取图书列表，从缓存读取...
